[2026-06-24 17:51:39] production.ERROR: Target class [config] does not exist. {"exception":"[object] (Illuminate\\Contracts\\Container\\BindingResolutionException(code: 0): Target class [config] does not exist. at G:/Joki/pengaduan-siswa/vendor/laravel/framework/src/Illuminate/Container/Container.php:1124)
[stacktrace]
#0 G:/Joki/pengaduan-siswa/vendor/laravel/framework/src/Illuminate/Container/Container.php(933): Illuminate/Container/Container->build('config')
#1 G:/Joki/pengaduan-siswa/vendor/laravel/framework/src/Illuminate/Foundation/Application.php(1078): Illuminate/Container/Container->resolve('config', Array, true)
#2 G:/Joki/pengaduan-siswa/vendor/laravel/framework/src/Illuminate/Container/Container.php(864): Illuminate/Foundation/Application->resolve('config', Array)
#3 G:/Joki/pengaduan-siswa/vendor/laravel/framework/src/Illuminate/Foundation/Application.php(1058): Illuminate/Container/Container->make('config', Array)
#4 G:/Joki/pengaduan-siswa/vendor/laravel/framework/src/Illuminate/Foundation/helpers.php(138): Illuminate/Foundation/Application->make('config', Array)
#5 G:/Joki/pengaduan-siswa/vendor/laravel/framework/src/Illuminate/Foundation/helpers.php(321): app('config')
#6 G:/Joki/pengaduan-siswa/vendor/laravel/sanctum/src/Sanctum.php(47): config('app.url')
#7 G:/Joki/pengaduan-siswa/config/sanctum.php(21): Laravel/Sanctum/Sanctum::currentApplicationUrlWithPort()
#8 G:/Joki/pengaduan-siswa/vendor/laravel/framework/src/Illuminate/Foundation/Bootstrap/LoadConfiguration.php(115): require('G://Joki//pengadu...')
#9 G:/Joki/pengaduan-siswa/vendor/laravel/framework/src/Illuminate/Foundation/Bootstrap/LoadConfiguration.php(115): Illuminate/Foundation/Bootstrap/LoadConfiguration->Illuminate/Foundation/Bootstrap/{closure}()
#10 G:/Joki/pengaduan-siswa/vendor/laravel/framework/src/Illuminate/Foundation/Bootstrap/LoadConfiguration.php(96): Illuminate/Foundation/Bootstrap/LoadConfiguration->loadConfigurationFile(Object(Illuminate/Config/Repository), 'sanctum', 'G://Joki//pengadu...', Array)
#11 G:/Joki/pengaduan-siswa/vendor/laravel/framework/src/Illuminate/Foundation/Bootstrap/LoadConfiguration.php(55): Illuminate/Foundation/Bootstrap/LoadConfiguration->loadConfigurationFiles(Object(Illuminate/Foundation/Application), Object(Illuminate/Config/Repository))
#12 G:/Joki/pengaduan-siswa/vendor/laravel/framework/src/Illuminate/Foundation/Application.php(342): Illuminate/Foundation/Bootstrap/LoadConfiguration->bootstrap(Object(Illuminate/Foundation/Application))
#13 G:/Joki/pengaduan-siswa/vendor/laravel/framework/src/Illuminate/Foundation/Http/Kernel.php(186): Illuminate/Foundation/Application->bootstrapWith(Array)
#14 G:/Joki/pengaduan-siswa/vendor/laravel/framework/src/Illuminate/Foundation/Http/Kernel.php(170): Illuminate/Foundation/Http/Kernel->bootstrap()
#15 G:/Joki/pengaduan-siswa/vendor/laravel/framework/src/Illuminate/Foundation/Http/Kernel.php(144): Illuminate/Foundation/Http/Kernel->sendRequestThroughRouter(Object(Illuminate/Http/Request))
#16 G:/Joki/pengaduan-siswa/vendor/laravel/framework/src/Illuminate/Foundation/Application.php(1220): Illuminate/Foundation/Http/Kernel->handle(Object(Illuminate/Http/Request))
#17 G:/Joki/pengaduan-siswa/public/index.php(20): Illuminate/Foundation/Application->handleRequest(Object(Illuminate/Http/Request))
#18 G:/Joki/pengaduan-siswa/server.php(21): require_once('G://Joki//pengadu...')
#19 {main}

[previous exception] [object] (ReflectionException(code: -1): Class \"config\" does not exist at G:/Joki/pengaduan-siswa/vendor/laravel/framework/src/Illuminate/Container/Container.php:1122)
[stacktrace]
#0 G:/Joki/pengaduan-siswa/vendor/laravel/framework/src/Illuminate/Container/Container.php(1122): ReflectionClass->__construct('config')
#1 G:/Joki/pengaduan-siswa/vendor/laravel/framework/src/Illuminate/Container/Container.php(933): Illuminate/Container/Container->build('config')
#2 G:/Joki/pengaduan-siswa/vendor/laravel/framework/src/Illuminate/Foundation/Application.php(1078): Illuminate/Container/Container->resolve('config', Array, true)
#3 G:/Joki/pengaduan-siswa/vendor/laravel/framework/src/Illuminate/Container/Container.php(864): Illuminate/Foundation/Application->resolve('config', Array)
#4 G:/Joki/pengaduan-siswa/vendor/laravel/framework/src/Illuminate/Foundation/Application.php(1058): Illuminate/Container/Container->make('config', Array)
#5 G:/Joki/pengaduan-siswa/vendor/laravel/framework/src/Illuminate/Foundation/helpers.php(138): Illuminate/Foundation/Application->make('config', Array)
#6 G:/Joki/pengaduan-siswa/vendor/laravel/framework/src/Illuminate/Foundation/helpers.php(321): app('config')
#7 G:/Joki/pengaduan-siswa/vendor/laravel/sanctum/src/Sanctum.php(47): config('app.url')
#8 G:/Joki/pengaduan-siswa/config/sanctum.php(21): Laravel/Sanctum/Sanctum::currentApplicationUrlWithPort()
#9 G:/Joki/pengaduan-siswa/vendor/laravel/framework/src/Illuminate/Foundation/Bootstrap/LoadConfiguration.php(115): require('G://Joki//pengadu...')
#10 G:/Joki/pengaduan-siswa/vendor/laravel/framework/src/Illuminate/Foundation/Bootstrap/LoadConfiguration.php(115): Illuminate/Foundation/Bootstrap/LoadConfiguration->Illuminate/Foundation/Bootstrap/{closure}()
#11 G:/Joki/pengaduan-siswa/vendor/laravel/framework/src/Illuminate/Foundation/Bootstrap/LoadConfiguration.php(96): Illuminate/Foundation/Bootstrap/LoadConfiguration->loadConfigurationFile(Object(Illuminate/Config/Repository), 'sanctum', 'G://Joki//pengadu...', Array)
#12 G:/Joki/pengaduan-siswa/vendor/laravel/framework/src/Illuminate/Foundation/Bootstrap/LoadConfiguration.php(55): Illuminate/Foundation/Bootstrap/LoadConfiguration->loadConfigurationFiles(Object(Illuminate/Foundation/Application), Object(Illuminate/Config/Repository))
#13 G:/Joki/pengaduan-siswa/vendor/laravel/framework/src/Illuminate/Foundation/Application.php(342): Illuminate/Foundation/Bootstrap/LoadConfiguration->bootstrap(Object(Illuminate/Foundation/Application))
#14 G:/Joki/pengaduan-siswa/vendor/laravel/framework/src/Illuminate/Foundation/Http/Kernel.php(186): Illuminate/Foundation/Application->bootstrapWith(Array)
#15 G:/Joki/pengaduan-siswa/vendor/laravel/framework/src/Illuminate/Foundation/Http/Kernel.php(170): Illuminate/Foundation/Http/Kernel->bootstrap()
#16 G:/Joki/pengaduan-siswa/vendor/laravel/framework/src/Illuminate/Foundation/Http/Kernel.php(144): Illuminate/Foundation/Http/Kernel->sendRequestThroughRouter(Object(Illuminate/Http/Request))
#17 G:/Joki/pengaduan-siswa/vendor/laravel/framework/src/Illuminate/Foundation/Application.php(1220): Illuminate/Foundation/Http/Kernel->handle(Object(Illuminate/Http/Request))
#18 G:/Joki/pengaduan-siswa/public/index.php(20): Illuminate/Foundation/Application->handleRequest(Object(Illuminate/Http/Request))
#19 G:/Joki/pengaduan-siswa/server.php(21): require_once('G://Joki//pengadu...')
#20 {main}
"} 
[2026-06-24 17:51:40] production.ERROR: Target class [config] does not exist. {"exception":"[object] (Illuminate\\Contracts\\Container\\BindingResolutionException(code: 0): Target class [config] does not exist. at G:/Joki/pengaduan-siswa/vendor/laravel/framework/src/Illuminate/Container/Container.php:1124)
[stacktrace]
#0 G:/Joki/pengaduan-siswa/vendor/laravel/framework/src/Illuminate/Container/Container.php(933): Illuminate/Container/Container->build('config')
#1 G:/Joki/pengaduan-siswa/vendor/laravel/framework/src/Illuminate/Foundation/Application.php(1078): Illuminate/Container/Container->resolve('config', Array, true)
#2 G:/Joki/pengaduan-siswa/vendor/laravel/framework/src/Illuminate/Container/Container.php(864): Illuminate/Foundation/Application->resolve('config', Array)
#3 G:/Joki/pengaduan-siswa/vendor/laravel/framework/src/Illuminate/Foundation/Application.php(1058): Illuminate/Container/Container->make('config', Array)
#4 G:/Joki/pengaduan-siswa/vendor/laravel/framework/src/Illuminate/Foundation/helpers.php(138): Illuminate/Foundation/Application->make('config', Array)
#5 G:/Joki/pengaduan-siswa/vendor/laravel/framework/src/Illuminate/Foundation/helpers.php(321): app('config')
#6 G:/Joki/pengaduan-siswa/vendor/laravel/sanctum/src/Sanctum.php(47): config('app.url')
#7 G:/Joki/pengaduan-siswa/config/sanctum.php(21): Laravel/Sanctum/Sanctum::currentApplicationUrlWithPort()
#8 G:/Joki/pengaduan-siswa/vendor/laravel/framework/src/Illuminate/Foundation/Bootstrap/LoadConfiguration.php(115): require('G://Joki//pengadu...')
#9 G:/Joki/pengaduan-siswa/vendor/laravel/framework/src/Illuminate/Foundation/Bootstrap/LoadConfiguration.php(115): Illuminate/Foundation/Bootstrap/LoadConfiguration->Illuminate/Foundation/Bootstrap/{closure}()
#10 G:/Joki/pengaduan-siswa/vendor/laravel/framework/src/Illuminate/Foundation/Bootstrap/LoadConfiguration.php(96): Illuminate/Foundation/Bootstrap/LoadConfiguration->loadConfigurationFile(Object(Illuminate/Config/Repository), 'sanctum', 'G://Joki//pengadu...', Array)
#11 G:/Joki/pengaduan-siswa/vendor/laravel/framework/src/Illuminate/Foundation/Bootstrap/LoadConfiguration.php(55): Illuminate/Foundation/Bootstrap/LoadConfiguration->loadConfigurationFiles(Object(Illuminate/Foundation/Application), Object(Illuminate/Config/Repository))
#12 G:/Joki/pengaduan-siswa/vendor/laravel/framework/src/Illuminate/Foundation/Application.php(342): Illuminate/Foundation/Bootstrap/LoadConfiguration->bootstrap(Object(Illuminate/Foundation/Application))
#13 G:/Joki/pengaduan-siswa/vendor/laravel/framework/src/Illuminate/Foundation/Http/Kernel.php(186): Illuminate/Foundation/Application->bootstrapWith(Array)
#14 G:/Joki/pengaduan-siswa/vendor/laravel/framework/src/Illuminate/Foundation/Http/Kernel.php(170): Illuminate/Foundation/Http/Kernel->bootstrap()
#15 G:/Joki/pengaduan-siswa/vendor/laravel/framework/src/Illuminate/Foundation/Http/Kernel.php(144): Illuminate/Foundation/Http/Kernel->sendRequestThroughRouter(Object(Illuminate/Http/Request))
#16 G:/Joki/pengaduan-siswa/vendor/laravel/framework/src/Illuminate/Foundation/Application.php(1220): Illuminate/Foundation/Http/Kernel->handle(Object(Illuminate/Http/Request))
#17 G:/Joki/pengaduan-siswa/public/index.php(20): Illuminate/Foundation/Application->handleRequest(Object(Illuminate/Http/Request))
#18 G:/Joki/pengaduan-siswa/server.php(21): require_once('G://Joki//pengadu...')
#19 {main}

[previous exception] [object] (ReflectionException(code: -1): Class \"config\" does not exist at G:/Joki/pengaduan-siswa/vendor/laravel/framework/src/Illuminate/Container/Container.php:1122)
[stacktrace]
#0 G:/Joki/pengaduan-siswa/vendor/laravel/framework/src/Illuminate/Container/Container.php(1122): ReflectionClass->__construct('config')
#1 G:/Joki/pengaduan-siswa/vendor/laravel/framework/src/Illuminate/Container/Container.php(933): Illuminate/Container/Container->build('config')
#2 G:/Joki/pengaduan-siswa/vendor/laravel/framework/src/Illuminate/Foundation/Application.php(1078): Illuminate/Container/Container->resolve('config', Array, true)
#3 G:/Joki/pengaduan-siswa/vendor/laravel/framework/src/Illuminate/Container/Container.php(864): Illuminate/Foundation/Application->resolve('config', Array)
#4 G:/Joki/pengaduan-siswa/vendor/laravel/framework/src/Illuminate/Foundation/Application.php(1058): Illuminate/Container/Container->make('config', Array)
#5 G:/Joki/pengaduan-siswa/vendor/laravel/framework/src/Illuminate/Foundation/helpers.php(138): Illuminate/Foundation/Application->make('config', Array)
#6 G:/Joki/pengaduan-siswa/vendor/laravel/framework/src/Illuminate/Foundation/helpers.php(321): app('config')
#7 G:/Joki/pengaduan-siswa/vendor/laravel/sanctum/src/Sanctum.php(47): config('app.url')
#8 G:/Joki/pengaduan-siswa/config/sanctum.php(21): Laravel/Sanctum/Sanctum::currentApplicationUrlWithPort()
#9 G:/Joki/pengaduan-siswa/vendor/laravel/framework/src/Illuminate/Foundation/Bootstrap/LoadConfiguration.php(115): require('G://Joki//pengadu...')
#10 G:/Joki/pengaduan-siswa/vendor/laravel/framework/src/Illuminate/Foundation/Bootstrap/LoadConfiguration.php(115): Illuminate/Foundation/Bootstrap/LoadConfiguration->Illuminate/Foundation/Bootstrap/{closure}()
#11 G:/Joki/pengaduan-siswa/vendor/laravel/framework/src/Illuminate/Foundation/Bootstrap/LoadConfiguration.php(96): Illuminate/Foundation/Bootstrap/LoadConfiguration->loadConfigurationFile(Object(Illuminate/Config/Repository), 'sanctum', 'G://Joki//pengadu...', Array)
#12 G:/Joki/pengaduan-siswa/vendor/laravel/framework/src/Illuminate/Foundation/Bootstrap/LoadConfiguration.php(55): Illuminate/Foundation/Bootstrap/LoadConfiguration->loadConfigurationFiles(Object(Illuminate/Foundation/Application), Object(Illuminate/Config/Repository))
#13 G:/Joki/pengaduan-siswa/vendor/laravel/framework/src/Illuminate/Foundation/Application.php(342): Illuminate/Foundation/Bootstrap/LoadConfiguration->bootstrap(Object(Illuminate/Foundation/Application))
#14 G:/Joki/pengaduan-siswa/vendor/laravel/framework/src/Illuminate/Foundation/Http/Kernel.php(186): Illuminate/Foundation/Application->bootstrapWith(Array)
#15 G:/Joki/pengaduan-siswa/vendor/laravel/framework/src/Illuminate/Foundation/Http/Kernel.php(170): Illuminate/Foundation/Http/Kernel->bootstrap()
#16 G:/Joki/pengaduan-siswa/vendor/laravel/framework/src/Illuminate/Foundation/Http/Kernel.php(144): Illuminate/Foundation/Http/Kernel->sendRequestThroughRouter(Object(Illuminate/Http/Request))
#17 G:/Joki/pengaduan-siswa/vendor/laravel/framework/src/Illuminate/Foundation/Application.php(1220): Illuminate/Foundation/Http/Kernel->handle(Object(Illuminate/Http/Request))
#18 G:/Joki/pengaduan-siswa/public/index.php(20): Illuminate/Foundation/Application->handleRequest(Object(Illuminate/Http/Request))
#19 G:/Joki/pengaduan-siswa/server.php(21): require_once('G://Joki//pengadu...')
#20 {main}
"} 
[2026-06-24 17:51:41] production.ERROR: Target class [config] does not exist. {"exception":"[object] (Illuminate\\Contracts\\Container\\BindingResolutionException(code: 0): Target class [config] does not exist. at G:/Joki/pengaduan-siswa/vendor/laravel/framework/src/Illuminate/Container/Container.php:1124)
[stacktrace]
#0 G:/Joki/pengaduan-siswa/vendor/laravel/framework/src/Illuminate/Container/Container.php(933): Illuminate/Container/Container->build('config')
#1 G:/Joki/pengaduan-siswa/vendor/laravel/framework/src/Illuminate/Foundation/Application.php(1078): Illuminate/Container/Container->resolve('config', Array, true)
#2 G:/Joki/pengaduan-siswa/vendor/laravel/framework/src/Illuminate/Container/Container.php(864): Illuminate/Foundation/Application->resolve('config', Array)
#3 G:/Joki/pengaduan-siswa/vendor/laravel/framework/src/Illuminate/Foundation/Application.php(1058): Illuminate/Container/Container->make('config', Array)
#4 G:/Joki/pengaduan-siswa/vendor/laravel/framework/src/Illuminate/Foundation/helpers.php(138): Illuminate/Foundation/Application->make('config', Array)
#5 G:/Joki/pengaduan-siswa/vendor/laravel/framework/src/Illuminate/Foundation/helpers.php(321): app('config')
#6 G:/Joki/pengaduan-siswa/vendor/laravel/sanctum/src/Sanctum.php(47): config('app.url')
#7 G:/Joki/pengaduan-siswa/config/sanctum.php(21): Laravel/Sanctum/Sanctum::currentApplicationUrlWithPort()
#8 G:/Joki/pengaduan-siswa/vendor/laravel/framework/src/Illuminate/Foundation/Bootstrap/LoadConfiguration.php(115): require('G://Joki//pengadu...')
#9 G:/Joki/pengaduan-siswa/vendor/laravel/framework/src/Illuminate/Foundation/Bootstrap/LoadConfiguration.php(115): Illuminate/Foundation/Bootstrap/LoadConfiguration->Illuminate/Foundation/Bootstrap/{closure}()
#10 G:/Joki/pengaduan-siswa/vendor/laravel/framework/src/Illuminate/Foundation/Bootstrap/LoadConfiguration.php(96): Illuminate/Foundation/Bootstrap/LoadConfiguration->loadConfigurationFile(Object(Illuminate/Config/Repository), 'sanctum', 'G://Joki//pengadu...', Array)
#11 G:/Joki/pengaduan-siswa/vendor/laravel/framework/src/Illuminate/Foundation/Bootstrap/LoadConfiguration.php(55): Illuminate/Foundation/Bootstrap/LoadConfiguration->loadConfigurationFiles(Object(Illuminate/Foundation/Application), Object(Illuminate/Config/Repository))
#12 G:/Joki/pengaduan-siswa/vendor/laravel/framework/src/Illuminate/Foundation/Application.php(342): Illuminate/Foundation/Bootstrap/LoadConfiguration->bootstrap(Object(Illuminate/Foundation/Application))
#13 G:/Joki/pengaduan-siswa/vendor/laravel/framework/src/Illuminate/Foundation/Http/Kernel.php(186): Illuminate/Foundation/Application->bootstrapWith(Array)
#14 G:/Joki/pengaduan-siswa/vendor/laravel/framework/src/Illuminate/Foundation/Http/Kernel.php(170): Illuminate/Foundation/Http/Kernel->bootstrap()
#15 G:/Joki/pengaduan-siswa/vendor/laravel/framework/src/Illuminate/Foundation/Http/Kernel.php(144): Illuminate/Foundation/Http/Kernel->sendRequestThroughRouter(Object(Illuminate/Http/Request))
#16 G:/Joki/pengaduan-siswa/vendor/laravel/framework/src/Illuminate/Foundation/Application.php(1220): Illuminate/Foundation/Http/Kernel->handle(Object(Illuminate/Http/Request))
#17 G:/Joki/pengaduan-siswa/public/index.php(20): Illuminate/Foundation/Application->handleRequest(Object(Illuminate/Http/Request))
#18 G:/Joki/pengaduan-siswa/server.php(21): require_once('G://Joki//pengadu...')
#19 {main}

[previous exception] [object] (ReflectionException(code: -1): Class \"config\" does not exist at G:/Joki/pengaduan-siswa/vendor/laravel/framework/src/Illuminate/Container/Container.php:1122)
[stacktrace]
#0 G:/Joki/pengaduan-siswa/vendor/laravel/framework/src/Illuminate/Container/Container.php(1122): ReflectionClass->__construct('config')
#1 G:/Joki/pengaduan-siswa/vendor/laravel/framework/src/Illuminate/Container/Container.php(933): Illuminate/Container/Container->build('config')
#2 G:/Joki/pengaduan-siswa/vendor/laravel/framework/src/Illuminate/Foundation/Application.php(1078): Illuminate/Container/Container->resolve('config', Array, true)
#3 G:/Joki/pengaduan-siswa/vendor/laravel/framework/src/Illuminate/Container/Container.php(864): Illuminate/Foundation/Application->resolve('config', Array)
#4 G:/Joki/pengaduan-siswa/vendor/laravel/framework/src/Illuminate/Foundation/Application.php(1058): Illuminate/Container/Container->make('config', Array)
#5 G:/Joki/pengaduan-siswa/vendor/laravel/framework/src/Illuminate/Foundation/helpers.php(138): Illuminate/Foundation/Application->make('config', Array)
#6 G:/Joki/pengaduan-siswa/vendor/laravel/framework/src/Illuminate/Foundation/helpers.php(321): app('config')
#7 G:/Joki/pengaduan-siswa/vendor/laravel/sanctum/src/Sanctum.php(47): config('app.url')
#8 G:/Joki/pengaduan-siswa/config/sanctum.php(21): Laravel/Sanctum/Sanctum::currentApplicationUrlWithPort()
#9 G:/Joki/pengaduan-siswa/vendor/laravel/framework/src/Illuminate/Foundation/Bootstrap/LoadConfiguration.php(115): require('G://Joki//pengadu...')
#10 G:/Joki/pengaduan-siswa/vendor/laravel/framework/src/Illuminate/Foundation/Bootstrap/LoadConfiguration.php(115): Illuminate/Foundation/Bootstrap/LoadConfiguration->Illuminate/Foundation/Bootstrap/{closure}()
#11 G:/Joki/pengaduan-siswa/vendor/laravel/framework/src/Illuminate/Foundation/Bootstrap/LoadConfiguration.php(96): Illuminate/Foundation/Bootstrap/LoadConfiguration->loadConfigurationFile(Object(Illuminate/Config/Repository), 'sanctum', 'G://Joki//pengadu...', Array)
#12 G:/Joki/pengaduan-siswa/vendor/laravel/framework/src/Illuminate/Foundation/Bootstrap/LoadConfiguration.php(55): Illuminate/Foundation/Bootstrap/LoadConfiguration->loadConfigurationFiles(Object(Illuminate/Foundation/Application), Object(Illuminate/Config/Repository))
#13 G:/Joki/pengaduan-siswa/vendor/laravel/framework/src/Illuminate/Foundation/Application.php(342): Illuminate/Foundation/Bootstrap/LoadConfiguration->bootstrap(Object(Illuminate/Foundation/Application))
#14 G:/Joki/pengaduan-siswa/vendor/laravel/framework/src/Illuminate/Foundation/Http/Kernel.php(186): Illuminate/Foundation/Application->bootstrapWith(Array)
#15 G:/Joki/pengaduan-siswa/vendor/laravel/framework/src/Illuminate/Foundation/Http/Kernel.php(170): Illuminate/Foundation/Http/Kernel->bootstrap()
#16 G:/Joki/pengaduan-siswa/vendor/laravel/framework/src/Illuminate/Foundation/Http/Kernel.php(144): Illuminate/Foundation/Http/Kernel->sendRequestThroughRouter(Object(Illuminate/Http/Request))
#17 G:/Joki/pengaduan-siswa/vendor/laravel/framework/src/Illuminate/Foundation/Application.php(1220): Illuminate/Foundation/Http/Kernel->handle(Object(Illuminate/Http/Request))
#18 G:/Joki/pengaduan-siswa/public/index.php(20): Illuminate/Foundation/Application->handleRequest(Object(Illuminate/Http/Request))
#19 G:/Joki/pengaduan-siswa/server.php(21): require_once('G://Joki//pengadu...')
#20 {main}
"} 
[2026-06-24 17:51:41] production.ERROR: Target class [config] does not exist. {"exception":"[object] (Illuminate\\Contracts\\Container\\BindingResolutionException(code: 0): Target class [config] does not exist. at G:/Joki/pengaduan-siswa/vendor/laravel/framework/src/Illuminate/Container/Container.php:1124)
[stacktrace]
#0 G:/Joki/pengaduan-siswa/vendor/laravel/framework/src/Illuminate/Container/Container.php(933): Illuminate/Container/Container->build('config')
#1 G:/Joki/pengaduan-siswa/vendor/laravel/framework/src/Illuminate/Foundation/Application.php(1078): Illuminate/Container/Container->resolve('config', Array, true)
#2 G:/Joki/pengaduan-siswa/vendor/laravel/framework/src/Illuminate/Container/Container.php(864): Illuminate/Foundation/Application->resolve('config', Array)
#3 G:/Joki/pengaduan-siswa/vendor/laravel/framework/src/Illuminate/Foundation/Application.php(1058): Illuminate/Container/Container->make('config', Array)
#4 G:/Joki/pengaduan-siswa/vendor/laravel/framework/src/Illuminate/Foundation/helpers.php(138): Illuminate/Foundation/Application->make('config', Array)
#5 G:/Joki/pengaduan-siswa/vendor/laravel/framework/src/Illuminate/Foundation/helpers.php(321): app('config')
#6 G:/Joki/pengaduan-siswa/vendor/laravel/sanctum/src/Sanctum.php(47): config('app.url')
#7 G:/Joki/pengaduan-siswa/config/sanctum.php(21): Laravel/Sanctum/Sanctum::currentApplicationUrlWithPort()
#8 G:/Joki/pengaduan-siswa/vendor/laravel/framework/src/Illuminate/Foundation/Bootstrap/LoadConfiguration.php(115): require('G://Joki//pengadu...')
#9 G:/Joki/pengaduan-siswa/vendor/laravel/framework/src/Illuminate/Foundation/Bootstrap/LoadConfiguration.php(115): Illuminate/Foundation/Bootstrap/LoadConfiguration->Illuminate/Foundation/Bootstrap/{closure}()
#10 G:/Joki/pengaduan-siswa/vendor/laravel/framework/src/Illuminate/Foundation/Bootstrap/LoadConfiguration.php(96): Illuminate/Foundation/Bootstrap/LoadConfiguration->loadConfigurationFile(Object(Illuminate/Config/Repository), 'sanctum', 'G://Joki//pengadu...', Array)
#11 G:/Joki/pengaduan-siswa/vendor/laravel/framework/src/Illuminate/Foundation/Bootstrap/LoadConfiguration.php(55): Illuminate/Foundation/Bootstrap/LoadConfiguration->loadConfigurationFiles(Object(Illuminate/Foundation/Application), Object(Illuminate/Config/Repository))
#12 G:/Joki/pengaduan-siswa/vendor/laravel/framework/src/Illuminate/Foundation/Application.php(342): Illuminate/Foundation/Bootstrap/LoadConfiguration->bootstrap(Object(Illuminate/Foundation/Application))
#13 G:/Joki/pengaduan-siswa/vendor/laravel/framework/src/Illuminate/Foundation/Http/Kernel.php(186): Illuminate/Foundation/Application->bootstrapWith(Array)
#14 G:/Joki/pengaduan-siswa/vendor/laravel/framework/src/Illuminate/Foundation/Http/Kernel.php(170): Illuminate/Foundation/Http/Kernel->bootstrap()
#15 G:/Joki/pengaduan-siswa/vendor/laravel/framework/src/Illuminate/Foundation/Http/Kernel.php(144): Illuminate/Foundation/Http/Kernel->sendRequestThroughRouter(Object(Illuminate/Http/Request))
#16 G:/Joki/pengaduan-siswa/vendor/laravel/framework/src/Illuminate/Foundation/Application.php(1220): Illuminate/Foundation/Http/Kernel->handle(Object(Illuminate/Http/Request))
#17 G:/Joki/pengaduan-siswa/public/index.php(20): Illuminate/Foundation/Application->handleRequest(Object(Illuminate/Http/Request))
#18 G:/Joki/pengaduan-siswa/server.php(21): require_once('G://Joki//pengadu...')
#19 {main}

[previous exception] [object] (ReflectionException(code: -1): Class \"config\" does not exist at G:/Joki/pengaduan-siswa/vendor/laravel/framework/src/Illuminate/Container/Container.php:1122)
[stacktrace]
#0 G:/Joki/pengaduan-siswa/vendor/laravel/framework/src/Illuminate/Container/Container.php(1122): ReflectionClass->__construct('config')
#1 G:/Joki/pengaduan-siswa/vendor/laravel/framework/src/Illuminate/Container/Container.php(933): Illuminate/Container/Container->build('config')
#2 G:/Joki/pengaduan-siswa/vendor/laravel/framework/src/Illuminate/Foundation/Application.php(1078): Illuminate/Container/Container->resolve('config', Array, true)
#3 G:/Joki/pengaduan-siswa/vendor/laravel/framework/src/Illuminate/Container/Container.php(864): Illuminate/Foundation/Application->resolve('config', Array)
#4 G:/Joki/pengaduan-siswa/vendor/laravel/framework/src/Illuminate/Foundation/Application.php(1058): Illuminate/Container/Container->make('config', Array)
#5 G:/Joki/pengaduan-siswa/vendor/laravel/framework/src/Illuminate/Foundation/helpers.php(138): Illuminate/Foundation/Application->make('config', Array)
#6 G:/Joki/pengaduan-siswa/vendor/laravel/framework/src/Illuminate/Foundation/helpers.php(321): app('config')
#7 G:/Joki/pengaduan-siswa/vendor/laravel/sanctum/src/Sanctum.php(47): config('app.url')
#8 G:/Joki/pengaduan-siswa/config/sanctum.php(21): Laravel/Sanctum/Sanctum::currentApplicationUrlWithPort()
#9 G:/Joki/pengaduan-siswa/vendor/laravel/framework/src/Illuminate/Foundation/Bootstrap/LoadConfiguration.php(115): require('G://Joki//pengadu...')
#10 G:/Joki/pengaduan-siswa/vendor/laravel/framework/src/Illuminate/Foundation/Bootstrap/LoadConfiguration.php(115): Illuminate/Foundation/Bootstrap/LoadConfiguration->Illuminate/Foundation/Bootstrap/{closure}()
#11 G:/Joki/pengaduan-siswa/vendor/laravel/framework/src/Illuminate/Foundation/Bootstrap/LoadConfiguration.php(96): Illuminate/Foundation/Bootstrap/LoadConfiguration->loadConfigurationFile(Object(Illuminate/Config/Repository), 'sanctum', 'G://Joki//pengadu...', Array)
#12 G:/Joki/pengaduan-siswa/vendor/laravel/framework/src/Illuminate/Foundation/Bootstrap/LoadConfiguration.php(55): Illuminate/Foundation/Bootstrap/LoadConfiguration->loadConfigurationFiles(Object(Illuminate/Foundation/Application), Object(Illuminate/Config/Repository))
#13 G:/Joki/pengaduan-siswa/vendor/laravel/framework/src/Illuminate/Foundation/Application.php(342): Illuminate/Foundation/Bootstrap/LoadConfiguration->bootstrap(Object(Illuminate/Foundation/Application))
#14 G:/Joki/pengaduan-siswa/vendor/laravel/framework/src/Illuminate/Foundation/Http/Kernel.php(186): Illuminate/Foundation/Application->bootstrapWith(Array)
#15 G:/Joki/pengaduan-siswa/vendor/laravel/framework/src/Illuminate/Foundation/Http/Kernel.php(170): Illuminate/Foundation/Http/Kernel->bootstrap()
#16 G:/Joki/pengaduan-siswa/vendor/laravel/framework/src/Illuminate/Foundation/Http/Kernel.php(144): Illuminate/Foundation/Http/Kernel->sendRequestThroughRouter(Object(Illuminate/Http/Request))
#17 G:/Joki/pengaduan-siswa/vendor/laravel/framework/src/Illuminate/Foundation/Application.php(1220): Illuminate/Foundation/Http/Kernel->handle(Object(Illuminate/Http/Request))
#18 G:/Joki/pengaduan-siswa/public/index.php(20): Illuminate/Foundation/Application->handleRequest(Object(Illuminate/Http/Request))
#19 G:/Joki/pengaduan-siswa/server.php(21): require_once('G://Joki//pengadu...')
#20 {main}
"} 
[2026-06-24 17:51:42] production.ERROR: Target class [config] does not exist. {"exception":"[object] (Illuminate\\Contracts\\Container\\BindingResolutionException(code: 0): Target class [config] does not exist. at G:/Joki/pengaduan-siswa/vendor/laravel/framework/src/Illuminate/Container/Container.php:1124)
[stacktrace]
#0 G:/Joki/pengaduan-siswa/vendor/laravel/framework/src/Illuminate/Container/Container.php(933): Illuminate/Container/Container->build('config')
#1 G:/Joki/pengaduan-siswa/vendor/laravel/framework/src/Illuminate/Foundation/Application.php(1078): Illuminate/Container/Container->resolve('config', Array, true)
#2 G:/Joki/pengaduan-siswa/vendor/laravel/framework/src/Illuminate/Container/Container.php(864): Illuminate/Foundation/Application->resolve('config', Array)
#3 G:/Joki/pengaduan-siswa/vendor/laravel/framework/src/Illuminate/Foundation/Application.php(1058): Illuminate/Container/Container->make('config', Array)
#4 G:/Joki/pengaduan-siswa/vendor/laravel/framework/src/Illuminate/Foundation/helpers.php(138): Illuminate/Foundation/Application->make('config', Array)
#5 G:/Joki/pengaduan-siswa/vendor/laravel/framework/src/Illuminate/Foundation/helpers.php(321): app('config')
#6 G:/Joki/pengaduan-siswa/vendor/laravel/sanctum/src/Sanctum.php(47): config('app.url')
#7 G:/Joki/pengaduan-siswa/config/sanctum.php(21): Laravel/Sanctum/Sanctum::currentApplicationUrlWithPort()
#8 G:/Joki/pengaduan-siswa/vendor/laravel/framework/src/Illuminate/Foundation/Bootstrap/LoadConfiguration.php(115): require('G://Joki//pengadu...')
#9 G:/Joki/pengaduan-siswa/vendor/laravel/framework/src/Illuminate/Foundation/Bootstrap/LoadConfiguration.php(115): Illuminate/Foundation/Bootstrap/LoadConfiguration->Illuminate/Foundation/Bootstrap/{closure}()
#10 G:/Joki/pengaduan-siswa/vendor/laravel/framework/src/Illuminate/Foundation/Bootstrap/LoadConfiguration.php(96): Illuminate/Foundation/Bootstrap/LoadConfiguration->loadConfigurationFile(Object(Illuminate/Config/Repository), 'sanctum', 'G://Joki//pengadu...', Array)
#11 G:/Joki/pengaduan-siswa/vendor/laravel/framework/src/Illuminate/Foundation/Bootstrap/LoadConfiguration.php(55): Illuminate/Foundation/Bootstrap/LoadConfiguration->loadConfigurationFiles(Object(Illuminate/Foundation/Application), Object(Illuminate/Config/Repository))
#12 G:/Joki/pengaduan-siswa/vendor/laravel/framework/src/Illuminate/Foundation/Application.php(342): Illuminate/Foundation/Bootstrap/LoadConfiguration->bootstrap(Object(Illuminate/Foundation/Application))
#13 G:/Joki/pengaduan-siswa/vendor/laravel/framework/src/Illuminate/Foundation/Http/Kernel.php(186): Illuminate/Foundation/Application->bootstrapWith(Array)
#14 G:/Joki/pengaduan-siswa/vendor/laravel/framework/src/Illuminate/Foundation/Http/Kernel.php(170): Illuminate/Foundation/Http/Kernel->bootstrap()
#15 G:/Joki/pengaduan-siswa/vendor/laravel/framework/src/Illuminate/Foundation/Http/Kernel.php(144): Illuminate/Foundation/Http/Kernel->sendRequestThroughRouter(Object(Illuminate/Http/Request))
#16 G:/Joki/pengaduan-siswa/vendor/laravel/framework/src/Illuminate/Foundation/Application.php(1220): Illuminate/Foundation/Http/Kernel->handle(Object(Illuminate/Http/Request))
#17 G:/Joki/pengaduan-siswa/public/index.php(20): Illuminate/Foundation/Application->handleRequest(Object(Illuminate/Http/Request))
#18 G:/Joki/pengaduan-siswa/server.php(21): require_once('G://Joki//pengadu...')
#19 {main}

[previous exception] [object] (ReflectionException(code: -1): Class \"config\" does not exist at G:/Joki/pengaduan-siswa/vendor/laravel/framework/src/Illuminate/Container/Container.php:1122)
[stacktrace]
#0 G:/Joki/pengaduan-siswa/vendor/laravel/framework/src/Illuminate/Container/Container.php(1122): ReflectionClass->__construct('config')
#1 G:/Joki/pengaduan-siswa/vendor/laravel/framework/src/Illuminate/Container/Container.php(933): Illuminate/Container/Container->build('config')
#2 G:/Joki/pengaduan-siswa/vendor/laravel/framework/src/Illuminate/Foundation/Application.php(1078): Illuminate/Container/Container->resolve('config', Array, true)
#3 G:/Joki/pengaduan-siswa/vendor/laravel/framework/src/Illuminate/Container/Container.php(864): Illuminate/Foundation/Application->resolve('config', Array)
#4 G:/Joki/pengaduan-siswa/vendor/laravel/framework/src/Illuminate/Foundation/Application.php(1058): Illuminate/Container/Container->make('config', Array)
#5 G:/Joki/pengaduan-siswa/vendor/laravel/framework/src/Illuminate/Foundation/helpers.php(138): Illuminate/Foundation/Application->make('config', Array)
#6 G:/Joki/pengaduan-siswa/vendor/laravel/framework/src/Illuminate/Foundation/helpers.php(321): app('config')
#7 G:/Joki/pengaduan-siswa/vendor/laravel/sanctum/src/Sanctum.php(47): config('app.url')
#8 G:/Joki/pengaduan-siswa/config/sanctum.php(21): Laravel/Sanctum/Sanctum::currentApplicationUrlWithPort()
#9 G:/Joki/pengaduan-siswa/vendor/laravel/framework/src/Illuminate/Foundation/Bootstrap/LoadConfiguration.php(115): require('G://Joki//pengadu...')
#10 G:/Joki/pengaduan-siswa/vendor/laravel/framework/src/Illuminate/Foundation/Bootstrap/LoadConfiguration.php(115): Illuminate/Foundation/Bootstrap/LoadConfiguration->Illuminate/Foundation/Bootstrap/{closure}()
#11 G:/Joki/pengaduan-siswa/vendor/laravel/framework/src/Illuminate/Foundation/Bootstrap/LoadConfiguration.php(96): Illuminate/Foundation/Bootstrap/LoadConfiguration->loadConfigurationFile(Object(Illuminate/Config/Repository), 'sanctum', 'G://Joki//pengadu...', Array)
#12 G:/Joki/pengaduan-siswa/vendor/laravel/framework/src/Illuminate/Foundation/Bootstrap/LoadConfiguration.php(55): Illuminate/Foundation/Bootstrap/LoadConfiguration->loadConfigurationFiles(Object(Illuminate/Foundation/Application), Object(Illuminate/Config/Repository))
#13 G:/Joki/pengaduan-siswa/vendor/laravel/framework/src/Illuminate/Foundation/Application.php(342): Illuminate/Foundation/Bootstrap/LoadConfiguration->bootstrap(Object(Illuminate/Foundation/Application))
#14 G:/Joki/pengaduan-siswa/vendor/laravel/framework/src/Illuminate/Foundation/Http/Kernel.php(186): Illuminate/Foundation/Application->bootstrapWith(Array)
#15 G:/Joki/pengaduan-siswa/vendor/laravel/framework/src/Illuminate/Foundation/Http/Kernel.php(170): Illuminate/Foundation/Http/Kernel->bootstrap()
#16 G:/Joki/pengaduan-siswa/vendor/laravel/framework/src/Illuminate/Foundation/Http/Kernel.php(144): Illuminate/Foundation/Http/Kernel->sendRequestThroughRouter(Object(Illuminate/Http/Request))
#17 G:/Joki/pengaduan-siswa/vendor/laravel/framework/src/Illuminate/Foundation/Application.php(1220): Illuminate/Foundation/Http/Kernel->handle(Object(Illuminate/Http/Request))
#18 G:/Joki/pengaduan-siswa/public/index.php(20): Illuminate/Foundation/Application->handleRequest(Object(Illuminate/Http/Request))
#19 G:/Joki/pengaduan-siswa/server.php(21): require_once('G://Joki//pengadu...')
#20 {main}
"} 
